app/build/intermediates/manifest_merge_blame_file/developDebug/manifest-merger-blame-develop-debug-report.txt
1<?xml version="1.0" encoding="utf-8"?>
2<manifest xmlns:android="http://schemas.android.com/apk/res/android"
3    package="com.expressweather.accurate.live.weather.forecast.dev"
4    android:versionCode="100"
5    android:versionName="1.0.0" >
6
7    <uses-sdk
8        android:minSdkVersion="24"
8-->src\main\AndroidManifest.xml
9        android:targetSdkVersion="34" />
9-->src\main\AndroidManifest.xml
10
11    <uses-permission android:name="android.permission.POST_NOTIFICATIONS" />
11-->src\main\AndroidManifest.xml:5:5-77
11-->src\main\AndroidManifest.xml:5:22-74
12    <uses-permission android:name="android.permission.INTERNET" />
12-->src\main\AndroidManifest.xml:6:5-67
12-->src\main\AndroidManifest.xml:6:22-64
13    <uses-permission android:name="android.permission.ACCESS_NETWORK_STATE" />
13-->src\main\AndroidManifest.xml:7:5-79
13-->src\main\AndroidManifest.xml:7:22-76
14    <uses-permission android:name="android.permission.ACCESS_COARSE_LOCATION" />
14-->src\main\AndroidManifest.xml:8:5-81
14-->src\main\AndroidManifest.xml:8:22-78
15    <uses-permission android:name="android.permission.ACCESS_FINE_LOCATION" />
15-->src\main\AndroidManifest.xml:9:5-79
15-->src\main\AndroidManifest.xml:9:22-76
16
17    <queries>
17-->src\main\AndroidManifest.xml:11:5-15:15
18        <intent>
18-->src\main\AndroidManifest.xml:12:9-14:18
19            <action android:name="android.intent.action.MAIN" />
19-->src\main\AndroidManifest.xml:13:13-65
19-->src\main\AndroidManifest.xml:13:21-62
20        </intent>
21        <!-- Needs to be explicitly declared on Android R+ -->
22        <package android:name="com.google.android.apps.maps" />
22-->[com.google.android.gms:play-services-maps:18.1.0] AndroidManifest.xml:33:9-64
22-->[com.google.android.gms:play-services-maps:18.1.0] AndroidManifest.xml:33:18-61
23    </queries>
24
25    <uses-feature
25-->[com.google.android.gms:play-services-maps:18.1.0] AndroidManifest.xml:26:5-28:35
26        android:glEsVersion="0x00020000"
26-->[com.google.android.gms:play-services-maps:18.1.0] AndroidManifest.xml:27:9-41
27        android:required="true" />
27-->[com.google.android.gms:play-services-maps:18.1.0] AndroidManifest.xml:28:9-32
28
29    <permission
29-->[androidx.core:core:1.9.0] AndroidManifest.xml:22:5-24:47
30        android:name="com.expressweather.accurate.live.weather.forecast.dev.DYNAMIC_RECEIVER_NOT_EXPORTED_PERMISSION"
30-->[androidx.core:core:1.9.0] AndroidManifest.xml:23:9-81
31        android:protectionLevel="signature" />
31-->[androidx.core:core:1.9.0] AndroidManifest.xml:24:9-44
32
33    <uses-permission android:name="com.expressweather.accurate.live.weather.forecast.dev.DYNAMIC_RECEIVER_NOT_EXPORTED_PERMISSION" />
33-->[androidx.core:core:1.9.0] AndroidManifest.xml:26:5-97
33-->[androidx.core:core:1.9.0] AndroidManifest.xml:26:22-94
34
35    <application
35-->src\main\AndroidManifest.xml:17:5-69:19
36        android:appComponentFactory="androidx.core.app.CoreComponentFactory"
36-->[androidx.core:core:1.9.0] AndroidManifest.xml:28:18-86
37        android:debuggable="true"
38        android:extractNativeLibs="false"
39        android:icon="@mipmap/ic_launcher"
39-->src\main\AndroidManifest.xml:18:9-43
40        android:label="@string/app_name"
40-->src\main\AndroidManifest.xml:19:9-41
41        android:supportsRtl="true"
41-->src\main\AndroidManifest.xml:20:9-35
42        android:testOnly="true"
43        android:theme="@style/Theme.AppTheme" >
43-->src\main\AndroidManifest.xml:21:9-46
44        <activity
44-->src\main\AndroidManifest.xml:23:9-26:51
45            android:name="com.expressweather.accurate.live.weather.forecast.view.search.SearchWeatherResultActivity"
45-->src\main\AndroidManifest.xml:24:13-68
46            android:exported="false"
46-->src\main\AndroidManifest.xml:25:13-37
47            android:screenOrientation="portrait" />
47-->src\main\AndroidManifest.xml:26:13-49
48        <activity
48-->src\main\AndroidManifest.xml:27:9-30:52
49            android:name="com.expressweather.accurate.live.weather.forecast.view.search.SearchActivity"
49-->src\main\AndroidManifest.xml:28:13-55
50            android:exported="false"
50-->src\main\AndroidManifest.xml:29:13-37
51            android:screenOrientation="portrait" />
51-->src\main\AndroidManifest.xml:30:13-49
52        <activity
52-->src\main\AndroidManifest.xml:31:9-34:52
53            android:name="com.expressweather.accurate.live.weather.forecast.view.ten_days_forecast.TenDaysActivity"
53-->src\main\AndroidManifest.xml:32:13-67
54            android:exported="false"
54-->src\main\AndroidManifest.xml:33:13-37
55            android:screenOrientation="portrait" />
55-->src\main\AndroidManifest.xml:34:13-49
56        <activity
56-->src\main\AndroidManifest.xml:35:9-38:52
57            android:name="com.expressweather.accurate.live.weather.forecast.view.PolicyActivity"
57-->src\main\AndroidManifest.xml:36:13-48
58            android:exported="false"
58-->src\main\AndroidManifest.xml:37:13-37
59            android:screenOrientation="portrait" />
59-->src\main\AndroidManifest.xml:38:13-49
60        <activity
60-->src\main\AndroidManifest.xml:39:9-42:52
61            android:name="com.expressweather.accurate.live.weather.forecast.view.config.ConfigActivity"
61-->src\main\AndroidManifest.xml:40:13-55
62            android:exported="false"
62-->src\main\AndroidManifest.xml:41:13-37
63            android:screenOrientation="portrait" />
63-->src\main\AndroidManifest.xml:42:13-49
64        <activity
64-->src\main\AndroidManifest.xml:43:9-46:52
65            android:name="com.expressweather.accurate.live.weather.forecast.view.language.LanguageActivity"
65-->src\main\AndroidManifest.xml:44:13-59
66            android:exported="false"
66-->src\main\AndroidManifest.xml:45:13-37
67            android:screenOrientation="portrait" />
67-->src\main\AndroidManifest.xml:46:13-49
68        <activity
68-->src\main\AndroidManifest.xml:47:9-50:52
69            android:name="com.expressweather.accurate.live.weather.forecast.view.MainActivity"
69-->src\main\AndroidManifest.xml:48:13-46
70            android:exported="false"
70-->src\main\AndroidManifest.xml:49:13-37
71            android:screenOrientation="portrait" />
71-->src\main\AndroidManifest.xml:50:13-49
72        <activity
72-->src\main\AndroidManifest.xml:51:9-60:20
73            android:name="com.expressweather.accurate.live.weather.forecast.view.SplashActivity"
73-->src\main\AndroidManifest.xml:52:13-48
74            android:exported="true"
74-->src\main\AndroidManifest.xml:53:13-36
75            android:screenOrientation="portrait" >
75-->src\main\AndroidManifest.xml:54:13-49
76            <intent-filter>
76-->src\main\AndroidManifest.xml:55:13-59:29
77                <action android:name="android.intent.action.MAIN" />
77-->src\main\AndroidManifest.xml:13:13-65
77-->src\main\AndroidManifest.xml:13:21-62
78
79                <category android:name="android.intent.category.LAUNCHER" />
79-->src\main\AndroidManifest.xml:58:17-77
79-->src\main\AndroidManifest.xml:58:27-74
80            </intent-filter>
81        </activity>
82        <activity
82-->src\main\AndroidManifest.xml:61:9-64:52
83            android:name="com.expressweather.accurate.live.weather.forecast.view.intro.IntroActivity"
83-->src\main\AndroidManifest.xml:62:13-53
84            android:exported="false"
84-->src\main\AndroidManifest.xml:63:13-37
85            android:screenOrientation="portrait" />
85-->src\main\AndroidManifest.xml:64:13-49
86        <activity
86-->src\main\AndroidManifest.xml:65:9-68:52
87            android:name="com.expressweather.accurate.live.weather.forecast.view.PermissionActivity"
87-->src\main\AndroidManifest.xml:66:13-52
88            android:exported="false"
88-->src\main\AndroidManifest.xml:67:13-37
89            android:screenOrientation="portrait" />
89-->src\main\AndroidManifest.xml:68:13-49
90        <!-- Needs to be explicitly declared on P+ -->
91        <uses-library
91-->[com.google.android.gms:play-services-maps:18.1.0] AndroidManifest.xml:39:9-41:40
92            android:name="org.apache.http.legacy"
92-->[com.google.android.gms:play-services-maps:18.1.0] AndroidManifest.xml:40:13-50
93            android:required="false" />
93-->[com.google.android.gms:play-services-maps:18.1.0] AndroidManifest.xml:41:13-37
94
95        <activity
95-->[com.google.android.gms:play-services-base:18.1.0] AndroidManifest.xml:20:9-22:45
96            android:name="com.google.android.gms.common.api.GoogleApiActivity"
96-->[com.google.android.gms:play-services-base:18.1.0] AndroidManifest.xml:20:19-85
97            android:exported="false"
97-->[com.google.android.gms:play-services-base:18.1.0] AndroidManifest.xml:22:19-43
98            android:theme="@android:style/Theme.Translucent.NoTitleBar" />
98-->[com.google.android.gms:play-services-base:18.1.0] AndroidManifest.xml:21:19-78
99
100        <meta-data
100-->[com.google.android.gms:play-services-basement:18.1.0] AndroidManifest.xml:21:9-23:69
101            android:name="com.google.android.gms.version"
101-->[com.google.android.gms:play-services-basement:18.1.0] AndroidManifest.xml:22:13-58
102            android:value="@integer/google_play_services_version" />
102-->[com.google.android.gms:play-services-basement:18.1.0] AndroidManifest.xml:23:13-66
103
104        <service
104-->[androidx.room:room-runtime:2.4.3] AndroidManifest.xml:25:9-28:40
105            android:name="androidx.room.MultiInstanceInvalidationService"
105-->[androidx.room:room-runtime:2.4.3] AndroidManifest.xml:26:13-74
106            android:directBootAware="true"
106-->[androidx.room:room-runtime:2.4.3] AndroidManifest.xml:27:13-43
107            android:exported="false" />
107-->[androidx.room:room-runtime:2.4.3] AndroidManifest.xml:28:13-37
108
109        <provider
109-->[androidx.emoji2:emoji2:1.2.0] AndroidManifest.xml:24:9-32:20
110            android:name="androidx.startup.InitializationProvider"
110-->[androidx.emoji2:emoji2:1.2.0] AndroidManifest.xml:25:13-67
111            android:authorities="com.expressweather.accurate.live.weather.forecast.dev.androidx-startup"
111-->[androidx.emoji2:emoji2:1.2.0] AndroidManifest.xml:26:13-68
112            android:exported="false" >
112-->[androidx.emoji2:emoji2:1.2.0] AndroidManifest.xml:27:13-37
113            <meta-data
113-->[androidx.emoji2:emoji2:1.2.0] AndroidManifest.xml:29:13-31:52
114                android:name="androidx.emoji2.text.EmojiCompatInitializer"
114-->[androidx.emoji2:emoji2:1.2.0] AndroidManifest.xml:30:17-75
115                android:value="androidx.startup" />
115-->[androidx.emoji2:emoji2:1.2.0] AndroidManifest.xml:31:17-49
116            <meta-data
116-->[androidx.lifecycle:lifecycle-process:2.4.1] AndroidManifest.xml:31:13-33:52
117                android:name="androidx.lifecycle.ProcessLifecycleInitializer"
117-->[androidx.lifecycle:lifecycle-process:2.4.1] AndroidManifest.xml:32:17-78
118                android:value="androidx.startup" />
118-->[androidx.lifecycle:lifecycle-process:2.4.1] AndroidManifest.xml:33:17-49
119        </provider>
120    </application>
121
122</manifest>